[debug] ----------------------------------------------------------------------
[debug] Command:      /opt/node/bin/node /opt/node/bin/firebase deploy
[debug] CLI Version:  3.6.1
[debug] Platform:     linux
[debug] Node Version: v4.2.4
[debug] Time:         Fri Apr 21 2017 13:29:06 GMT+0700 (+07)
[debug] ----------------------------------------------------------------------
[debug] 
[debug] > command requires scopes: ["email","openid","https://www.googleapis.com/auth/cloudplatformprojects.readonly","https://www.googleapis.com/auth/firebase","https://www.googleapis.com/auth/cloud-platform"]
[debug] > refreshing access token with scopes: ["email","https://www.googleapis.com/auth/cloud-platform","https://www.googleapis.com/auth/cloudplatformprojects.readonly","https://www.googleapis.com/auth/firebase","openid"]
[debug] >>> HTTP REQUEST POST https://www.googleapis.com/oauth2/v3/token { refresh_token: '1/KC2mvhkJN8vrTrsakxsI8NNLi5STrUU6B82nPPjar1s',
  client_id: '563584335869-fgrhgmd47bqnekij5i8b5pr03ho849e6.apps.googleusercontent.com',
  client_secret: 'j9iVZfS8kkCEFUPaAeJV0sAi',
  grant_type: 'refresh_token',
  scope: 'email https://www.googleapis.com/auth/cloud-platform https://www.googleapis.com/auth/cloudplatformprojects.readonly https://www.googleapis.com/auth/firebase openid' } 
 Fri Apr 21 2017 13:29:06 GMT+0700 (+07)
[debug] <<< HTTP RESPONSE 200
[debug] >>> HTTP REQUEST GET https://admin.firebase.com/v1/projects/thinkcode-37132  
 Fri Apr 21 2017 13:29:07 GMT+0700 (+07)
[debug] <<< HTTP RESPONSE 200
[debug] >>> HTTP REQUEST GET https://admin.firebase.com/v1/database/thinkcode-37132/tokens  
 Fri Apr 21 2017 13:29:08 GMT+0700 (+07)
[debug] <<< HTTP RESPONSE 200
